-----------------------------------------
Original cluster:
<class 'pandas.core.frame.DataFrame'>
RangeIndex: 150 entries, 0 to 149
Data columns (total 5 columns):
 #   Column         Non-Null Count  Dtype  
---  ------         --------------  -----  
 0   SepalLengthCm  150 non-null    float64
 1   SepalWidthCm   150 non-null    float64
 2   PetalLengthCm  150 non-null    float64
 3   PetalWidthCm   150 non-null    float64
 4   Species        150 non-null    object 
dtypes: float64(4), object(1)
memory usage: 6.0+ KB

Species
Iris-setosa        50
Iris-versicolor    50
Iris-virginica     50
Name: count, dtype: int64
Evaluate classifiers on original cluster:
Classification - KNeighbors:
Accuracy Score:0.9733333333333334
Classification report:
                 precision    recall  f1-score   support

    Iris-setosa       1.00      1.00      1.00        50
Iris-versicolor       0.98      0.94      0.96        50
 Iris-virginica       0.94      0.98      0.96        50

       accuracy                           0.97       150
      macro avg       0.97      0.97      0.97       150
   weighted avg       0.97      0.97      0.97       150

Classification - LogisticRegression:
Accuracy Score:0.9733333333333334
Classification report:
                 precision    recall  f1-score   support

    Iris-setosa       1.00      1.00      1.00        50
Iris-versicolor       0.98      0.94      0.96        50
 Iris-virginica       0.94      0.98      0.96        50

       accuracy                           0.97       150
      macro avg       0.97      0.97      0.97       150
   weighted avg       0.97      0.97      0.97       150

Classification - SVM:
Accuracy Score:0.9666666666666667
Classification report:
                 precision    recall  f1-score   support

    Iris-setosa       1.00      1.00      1.00        50
Iris-versicolor       0.94      0.96      0.95        50
 Iris-virginica       0.96      0.94      0.95        50

       accuracy                           0.97       150
      macro avg       0.97      0.97      0.97       150
   weighted avg       0.97      0.97      0.97       150

Classification - Decision Tree:
Accuracy Score:0.9533333333333334
Classification report:
                 precision    recall  f1-score   support

    Iris-setosa       1.00      1.00      1.00        50
Iris-versicolor       0.92      0.94      0.93        50
 Iris-virginica       0.94      0.92      0.93        50

       accuracy                           0.95       150
      macro avg       0.95      0.95      0.95       150
   weighted avg       0.95      0.95      0.95       150

Classification - Random Forest:
Accuracy Score:0.9533333333333334
Classification report:
                 precision    recall  f1-score   support

    Iris-setosa       1.00      1.00      1.00        50
Iris-versicolor       0.94      0.92      0.93        50
 Iris-virginica       0.92      0.94      0.93        50

       accuracy                           0.95       150
      macro avg       0.95      0.95      0.95       150
   weighted avg       0.95      0.95      0.95       150

Classification - MLP:
Accuracy Score:0.9733333333333334
Classification report:
                 precision    recall  f1-score   support

    Iris-setosa       1.00      1.00      1.00        50
Iris-versicolor       1.00      0.92      0.96        50
 Iris-virginica       0.93      1.00      0.96        50

       accuracy                           0.97       150
      macro avg       0.98      0.97      0.97       150
   weighted avg       0.98      0.97      0.97       150

-----------------------------------------
Elbow and KMeans
Classification - KMeans cluster:
Accuracy Score: 0.8933333333333333
Classification report:
                 precision    recall  f1-score   support

    Iris-setosa       1.00      1.00      1.00        50
Iris-versicolor       0.77      0.96      0.86        50
 Iris-virginica       0.95      0.72      0.82        50

       accuracy                           0.89       150
      macro avg       0.91      0.89      0.89       150
   weighted avg       0.91      0.89      0.89       150

Evaluate classifiers on KMeans cluster:
Classification - KNeighbors:
Accuracy Score:0.9133333333333333
Classification report:
                 precision    recall  f1-score   support

    Iris-setosa       1.00      1.00      1.00        50
Iris-versicolor       0.79      1.00      0.88        50
 Iris-virginica       1.00      0.74      0.85        50

       accuracy                           0.91       150
      macro avg       0.93      0.91      0.91       150
   weighted avg       0.93      0.91      0.91       150

Classification - LogisticRegression:
Accuracy Score:0.8933333333333333
Classification report:
                 precision    recall  f1-score   support

    Iris-setosa       1.00      1.00      1.00        50
Iris-versicolor       0.77      0.96      0.86        50
 Iris-virginica       0.95      0.72      0.82        50

       accuracy                           0.89       150
      macro avg       0.91      0.89      0.89       150
   weighted avg       0.91      0.89      0.89       150

Classification - SVM:
Accuracy Score:0.9
Classification report:
                 precision    recall  f1-score   support

    Iris-setosa       1.00      1.00      1.00        50
Iris-versicolor       0.77      1.00      0.87        50
 Iris-virginica       1.00      0.70      0.82        50

       accuracy                           0.90       150
      macro avg       0.92      0.90      0.90       150
   weighted avg       0.92      0.90      0.90       150

Classification - Decision Tree:
Accuracy Score:0.8933333333333333
Classification report:
                 precision    recall  f1-score   support

    Iris-setosa       1.00      1.00      1.00        50
Iris-versicolor       0.77      0.98      0.86        50
 Iris-virginica       0.97      0.70      0.81        50

       accuracy                           0.89       150
      macro avg       0.91      0.89      0.89       150
   weighted avg       0.91      0.89      0.89       150

Classification - Random Forest:
Accuracy Score:0.9133333333333333
Classification report:
                 precision    recall  f1-score   support

    Iris-setosa       1.00      1.00      1.00        50
Iris-versicolor       0.79      1.00      0.88        50
 Iris-virginica       1.00      0.74      0.85        50

       accuracy                           0.91       150
      macro avg       0.93      0.91      0.91       150
   weighted avg       0.93      0.91      0.91       150

Classification - MLP:
Accuracy Score:0.9533333333333334
Classification report:
                 precision    recall  f1-score   support

    Iris-setosa       1.00      1.00      1.00        50
Iris-versicolor       0.88      1.00      0.93        50
 Iris-virginica       1.00      0.86      0.92        50

       accuracy                           0.95       150
      macro avg       0.96      0.95      0.95       150
   weighted avg       0.96      0.95      0.95       150

-----------------------------------------
Dendrogram and Agglo:
Classification - Agglomerative cluster:
Accuracy Score: 0.8933333333333333
Classification report:
                 precision    recall  f1-score   support

    Iris-setosa       1.00      1.00      1.00        50
Iris-versicolor       0.77      0.98      0.86        50
 Iris-virginica       0.97      0.70      0.81        50

       accuracy                           0.89       150
      macro avg       0.91      0.89      0.89       150
   weighted avg       0.91      0.89      0.89       150

Evaluate classifiers on Agglo cluster:
Classification - KNeighbors:
Accuracy Score:0.9066666666666666
Classification report:
                 precision    recall  f1-score   support

    Iris-setosa       1.00      1.00      1.00        50
Iris-versicolor       0.78      1.00      0.88        50
 Iris-virginica       1.00      0.72      0.84        50

       accuracy                           0.91       150
      macro avg       0.93      0.91      0.90       150
   weighted avg       0.93      0.91      0.90       150

Classification - LogisticRegression:
Accuracy Score:0.8933333333333333
Classification report:
                 precision    recall  f1-score   support

    Iris-setosa       1.00      1.00      1.00        50
Iris-versicolor       0.77      0.98      0.86        50
 Iris-virginica       0.97      0.70      0.81        50

       accuracy                           0.89       150
      macro avg       0.91      0.89      0.89       150
   weighted avg       0.91      0.89      0.89       150

Classification - SVM:
Accuracy Score:0.9
Classification report:
                 precision    recall  f1-score   support

    Iris-setosa       1.00      1.00      1.00        50
Iris-versicolor       0.77      1.00      0.87        50
 Iris-virginica       1.00      0.70      0.82        50

       accuracy                           0.90       150
      macro avg       0.92      0.90      0.90       150
   weighted avg       0.92      0.90      0.90       150

Classification - Decision Tree:
Accuracy Score:0.9066666666666666
Classification report:
                 precision    recall  f1-score   support

    Iris-setosa       1.00      1.00      1.00        50
Iris-versicolor       0.78      1.00      0.88        50
 Iris-virginica       1.00      0.72      0.84        50

       accuracy                           0.91       150
      macro avg       0.93      0.91      0.90       150
   weighted avg       0.93      0.91      0.90       150

Classification - Random Forest:
Accuracy Score:0.9066666666666666
Classification report:
                 precision    recall  f1-score   support

    Iris-setosa       1.00      1.00      1.00        50
Iris-versicolor       0.78      1.00      0.88        50
 Iris-virginica       1.00      0.72      0.84        50

       accuracy                           0.91       150
      macro avg       0.93      0.91      0.90       150
   weighted avg       0.93      0.91      0.90       150

Classification - MLP:
Accuracy Score:0.8933333333333333
Classification report:
                 precision    recall  f1-score   support

    Iris-setosa       1.00      1.00      1.00        50
Iris-versicolor       0.76      1.00      0.86        50
 Iris-virginica       1.00      0.68      0.81        50

       accuracy                           0.89       150
      macro avg       0.92      0.89      0.89       150
   weighted avg       0.92      0.89      0.89       150

